<?xml version="1.0" encoding="UTF-8"?>
<!-- Generated by org.testng.reporters.JUnitXMLReporter -->
<testsuite hostname="DESKTOP-NCHJ16J" ignored="0" name="Default test" tests="5" failures="0" timestamp="2020-02-23T21:25:06 IST" time="67.615" errors="0">
  <testcase name="HomePagenavigate" time="15.398" classname="Assignment.Senrysa.HomePage"/>
  <testcase name="assertTitle" time="10.014" classname="Assignment.Senrysa.HomePage"/>
  <testcase name="logIn" time="20.042" classname="Assignment.Senrysa.HomePage"/>
  <testcase name="signIn" time="10.382" classname="Assignment.Senrysa.HomePage"/>
  <testcase name="steps" time="10.808" classname="Assignment.Senrysa.HomePage"/>
</testsuite> <!-- Default test -->
