<?xml version="1.0" encoding="UTF-8"?>
<testng-results skipped="0" failed="0" ignored="0" total="4" passed="4">
  <reporter-output>
  </reporter-output>
  <suite name="Suite" duration-ms="67241" started-at="2020-02-23T22:29:21 IST" finished-at="2020-02-23T22:30:29 IST">
    <groups>
    </groups>
    <test name="Test" duration-ms="67241" started-at="2020-02-23T22:29:21 IST" finished-at="2020-02-23T22:30:29 IST">
      <class name="Assignment.HomePage">
        <test-method status="PASS" signature="HomePagenavigate()[pri:0, instance:Assignment.HomePage@4d50efb8]" name="HomePagenavigate" is-config="true" duration-ms="16685" started-at="2020-02-23T22:29:21 IST" finished-at="2020-02-23T22:29:38 IST">
          <reporter-output>
          </reporter-output>
        </test-method> <!-- HomePagenavigate -->
        <test-method status="PASS" signature="assertTitle()[pri:0, instance:Assignment.HomePage@4d50efb8]" name="assertTitle" duration-ms="10017" started-at="2020-02-23T22:29:38 IST" finished-at="2020-02-23T22:29:48 IST">
          <reporter-output>
          </reporter-output>
        </test-method> <!-- assertTitle -->
        <test-method status="PASS" signature="logIn(java.lang.String, java.lang.String)[pri:0, instance:Assignment.HomePage@4d50efb8]" name="logIn" duration-ms="20045" started-at="2020-02-23T22:29:49 IST" data-provider="ReadVariant" finished-at="2020-02-23T22:30:09 IST">
          <params>
            <param index="0">
              <value>
                <![CDATA[8777628118]]>
              </value>
            </param>
            <param index="1">
              <value>
                <![CDATA[Dummy@1234]]>
              </value>
            </param>
          </params>
          <reporter-output>
          </reporter-output>
        </test-method> <!-- logIn -->
        <test-method status="PASS" signature="signIn()[pri:0, instance:Assignment.HomePage@4d50efb8]" name="signIn" duration-ms="10735" started-at="2020-02-23T22:30:09 IST" finished-at="2020-02-23T22:30:20 IST">
          <reporter-output>
          </reporter-output>
        </test-method> <!-- signIn -->
        <test-method status="PASS" signature="steps()[pri:0, instance:Assignment.HomePage@4d50efb8]" name="steps" duration-ms="6359" started-at="2020-02-23T22:30:20 IST" finished-at="2020-02-23T22:30:26 IST">
          <reporter-output>
          </reporter-output>
        </test-method> <!-- steps -->
        <test-method status="FAIL" signature="teardown()[pri:0, instance:Assignment.HomePage@4d50efb8]" name="teardown" is-config="true" duration-ms="2617" started-at="2020-02-23T22:30:26 IST" finished-at="2020-02-23T22:30:29 IST">
          <exception class="org.openqa.selenium.NoSuchSessionException">
            <message>
              <![CDATA[Tried to run command without establishing a connection
Build info: version: '3.141.59', revision: 'e82be7d358', time: '2018-11-14T08:17:03'
System info: host: 'DESKTOP-NCHJ16J', ip: '192.168.1.8', os.name: 'Windows 10', os.arch: 'amd64', os.version: '10.0', java.version: '1.8.0_241'
Driver info: org.openqa.selenium.firefox.FirefoxDriver
Capabilities {acceptInsecureCerts: true, browserName: firefox, browserVersion: 74.0, javascriptEnabled: true, moz:accessibilityChecks: false, moz:buildID: 20200221001238, moz:geckodriverVersion: 0.24.0, moz:headless: false, moz:processID: 8524, moz:profile: C:\Users\user\AppData\Local..., moz:shutdownTimeout: 60000, moz:useNonSpecCompliantPointerOrigin: false, moz:webdriverClick: true, pageLoadStrategy: normal, platform: WINDOWS, platformName: WINDOWS, platformVersion: 10.0, rotatable: false, setWindowRect: true, strictFileInteractability: false, timeouts: {implicit: 0, pageLoad: 300000, script: 30000}, unhandledPromptBehavior: dismiss and notify}
Session ID: 384fd770-bf76-47fa-af9a-a9d26025055c]]>
            </message>
            <full-stacktrace>
              <![CDATA[org.openqa.selenium.NoSuchSessionException: Tried to run command without establishing a connection
Build info: version: '3.141.59', revision: 'e82be7d358', time: '2018-11-14T08:17:03'
System info: host: 'DESKTOP-NCHJ16J', ip: '192.168.1.8', os.name: 'Windows 10', os.arch: 'amd64', os.version: '10.0', java.version: '1.8.0_241'
Driver info: org.openqa.selenium.firefox.FirefoxDriver
Capabilities {acceptInsecureCerts: true, browserName: firefox, browserVersion: 74.0, javascriptEnabled: true, moz:accessibilityChecks: false, moz:buildID: 20200221001238, moz:geckodriverVersion: 0.24.0, moz:headless: false, moz:processID: 8524, moz:profile: C:\Users\user\AppData\Local..., moz:shutdownTimeout: 60000, moz:useNonSpecCompliantPointerOrigin: false, moz:webdriverClick: true, pageLoadStrategy: normal, platform: WINDOWS, platformName: WINDOWS, platformVersion: 10.0, rotatable: false, setWindowRect: true, strictFileInteractability: false, timeouts: {implicit: 0, pageLoad: 300000, script: 30000}, unhandledPromptBehavior: dismiss and notify}
Session ID: 384fd770-bf76-47fa-af9a-a9d26025055c
at sun.reflect.NativeConstructorAccessorImpl.newInstance0(Native Method)
at sun.reflect.NativeConstructorAccessorImpl.newInstance(Unknown Source)
at sun.reflect.DelegatingConstructorAccessorImpl.newInstance(Unknown Source)
at java.lang.reflect.Constructor.newInstance(Unknown Source)
at org.openqa.selenium.remote.http.W3CHttpResponseCodec.createException(W3CHttpResponseCodec.java:187)
at org.openqa.selenium.remote.http.W3CHttpResponseCodec.decode(W3CHttpResponseCodec.java:122)
at org.openqa.selenium.remote.http.W3CHttpResponseCodec.decode(W3CHttpResponseCodec.java:49)
at org.openqa.selenium.remote.HttpCommandExecutor.execute(HttpCommandExecutor.java:158)
at org.openqa.selenium.remote.service.DriverCommandExecutor.execute(DriverCommandExecutor.java:83)
at org.openqa.selenium.remote.RemoteWebDriver.execute(RemoteWebDriver.java:552)
at org.openqa.selenium.remote.RemoteWebDriver.execute(RemoteWebDriver.java:609)
at org.openqa.selenium.remote.RemoteWebDriver.quit(RemoteWebDriver.java:452)
at Assignment.HomePage.teardown(HomePage.java:142)
at sun.reflect.NativeMethodAccessorImpl.invoke0(Native Method)
at sun.reflect.NativeMethodAccessorImpl.invoke(Unknown Source)
at sun.reflect.DelegatingMethodAccessorImpl.invoke(Unknown Source)
at java.lang.reflect.Method.invoke(Unknown Source)
at org.testng.internal.MethodInvocationHelper.invokeMethod(MethodInvocationHelper.java:134)
at org.testng.internal.MethodInvocationHelper.invokeMethodConsideringTimeout(MethodInvocationHelper.java:63)
at org.testng.internal.ConfigInvoker.invokeConfigurationMethod(ConfigInvoker.java:348)
at org.testng.internal.ConfigInvoker.invokeConfigurations(ConfigInvoker.java:302)
at org.testng.TestRunner.invokeTestConfigurations(TestRunner.java:619)
at org.testng.TestRunner.afterRun(TestRunner.java:849)
at org.testng.TestRunner.run(TestRunner.java:590)
at org.testng.SuiteRunner.runTest(SuiteRunner.java:384)
at org.testng.SuiteRunner.runSequentially(SuiteRunner.java:378)
at org.testng.SuiteRunner.privateRun(SuiteRunner.java:337)
at org.testng.SuiteRunner.run(SuiteRunner.java:286)
at org.testng.SuiteRunnerWorker.runSuite(SuiteRunnerWorker.java:53)
at org.testng.SuiteRunnerWorker.run(SuiteRunnerWorker.java:96)
at org.testng.TestNG.runSuitesSequentially(TestNG.java:1187)
at org.testng.TestNG.runSuitesLocally(TestNG.java:1109)
at org.testng.TestNG.runSuites(TestNG.java:1039)
at org.testng.TestNG.run(TestNG.java:1007)
at org.testng.remote.AbstractRemoteTestNG.run(AbstractRemoteTestNG.java:115)
at org.testng.remote.RemoteTestNG.initAndRun(RemoteTestNG.java:251)
at org.testng.remote.RemoteTestNG.main(RemoteTestNG.java:77)
]]>
            </full-stacktrace>
          </exception> <!-- org.openqa.selenium.NoSuchSessionException -->
          <reporter-output>
          </reporter-output>
        </test-method> <!-- teardown -->
      </class> <!-- Assignment.HomePage -->
    </test> <!-- Test -->
  </suite> <!-- Suite -->
</testng-results>
